{
total_width: 27608,
frees: [
],
},
{
total_width: 79448,
frees: [
],
},
{
total_width: 103928,
frees: [
  {
    position: 40368,
    width:2832,
  },
],
},
{
total_width: 106152,
frees: [
],
},
{
total_width: 106688,
frees: [
  {
    position: 92872,
    width:9880,
  },
  {
    position: 1216,
    width:25512,
  },
],
},
{
total_width: 106688,
frees: [
  {
    position: 102632,
    width:120,
  },
  {
    position: 67968,
    width:5608,
  },
  {
    position: 1216,
    width:25512,
  },
],
},
{
total_width: 152256,
frees: [
  {
    position: 13424,
    width:13304,
  },
],
},
{
total_width: 152256,
frees: [
  {
    position: 18056,
    width:8672,
  },
  {
    position: 79496,
    width:8872,
  },
  {
    position: 43248,
    width:24720,
  },
  {
    position: 125256,
    width:27000,
  },
],
},
{
total_width: 152256,
frees: [
  {
    position: 88328,
    width:40,
  },
  {
    position: 61272,
    width:6696,
  },
  {
    position: 146552,
    width:5704,
  },
  {
    position: 20032,
    width:6696,
  },
  {
    position: 95352,
    width:4120,
  },
],
},
{
total_width: 231288,
frees: [
  {
    position: 26680,
    width:48,
  },
  {
    position: 152224,
    width:32,
  },
  {
    position: 88328,
    width:40,
  },
  {
    position: 134264,
    width:12288,
  },
  {
    position: 79496,
    width:8656,
  },
  {
    position: 95352,
    width:4120,
  },
  {
    position: 171864,
    width:31152,
  },
],
},
{
total_width: 408800,
frees: [
  {
    position: 79320,
    width:32,
  },
  {
    position: 294464,
    width:32,
  },
  {
    position: 27784,
    width:3680,
  },
  {
    position: 361848,
    width:15144,
  },
  {
    position: 57192,
    width:19488,
  },
  {
    position: 217896,
    width:33216,
  },
  {
    position: 139288,
    width:22608,
  },
  {
    position: 31792,
    width:20456,
  },
],
},
